<?xml version="1.0" encoding="UTF-8"?>
<!-- Generated by org.testng.reporters.JUnitXMLReporter -->
<testsuite ignored="0" hostname="AnnieSneha" failures="0" tests="13" name="Default test" time="121.048" errors="0" timestamp="2024-09-01T20:32:52 IST">
  <testcase classname="test.FinalTest" name="CompareItems" time="5.168"/>
  <testcase classname="test.FinalTest" name="Mens_Search" time="2.693"/>
  <testcase classname="test.FinalTest" name="Search_Mall" time="4.473"/>
  <testcase classname="test.FinalTest" name="SortBy" time="12.416"/>
  <testcase classname="test.FinalTest" name="Womens_Dress" time="3.983"/>
  <testcase classname="test.FinalTest" name="Womens_Kurthi" time="2.513"/>
  <testcase classname="test.FinalTest" name="Womens_NAll" time="3.804"/>
  <testcase classname="test.FinalTest" name="Womens_NPcs" time="3.087"/>
  <testcase classname="test.FinalTest" name="Womens_NPrice" time="3.431"/>
  <testcase classname="test.FinalTest" name="Womens_NTypes" time="2.953"/>
  <testcase classname="test.FinalTest" name="Womens_Nbrand" time="4.062"/>
  <testcase classname="test.FinalTest" name="Womans_Kurthi" time="5.829"/>
  <testcase classname="test.FinalTest" name="Womens_ShawlsCEF" time="5.272"/>
</testsuite> <!-- Default test -->
