<?xml version="1.0" encoding="UTF-8"?>
<testng-results ignored="0" total="4" passed="4" failed="0" skipped="0">
  <reporter-output>
  </reporter-output>
  <suite started-at="2024-08-31T23:52:06 IST" name="Surefire suite" finished-at="2024-08-31T23:53:04 IST" duration-ms="58270">
    <groups>
      <group name="cucumber">
        <method signature="AbstractTestNGCucumberTests.runScenario(io.cucumber.testng.PickleWrapper,io.cucumber.testng.FeatureWrapper)[pri:0, instance:runner.TestRunner@3f197a46]" name="runScenario" class="io.cucumber.testng.AbstractTestNGCucumberTests"/>
      </group> <!-- cucumber -->
    </groups>
    <test started-at="2024-08-31T23:52:06 IST" name="Surefire test" finished-at="2024-08-31T23:53:04 IST" duration-ms="58270">
      <class name="runner.TestRunner">
        <test-method is-config="true" signature="setUpClass(org.testng.ITestContext)[pri:0, instance:runner.TestRunner@3f197a46]" started-at="2024-08-31T23:52:06 IST" name="setUpClass" finished-at="2024-08-31T23:52:06 IST" duration-ms="208" status="PASS">
          <params>
            <param index="0">
              <value>
                <![CDATA[org.testng.TestRunner@748d2277]]>
              </value>
            </param>
          </params>
          <reporter-output>
          </reporter-output>
        </test-method> <!-- setUpClass -->
        <test-method signature="runScenario(io.cucumber.testng.PickleWrapper,io.cucumber.testng.FeatureWrapper)[pri:0, instance:runner.TestRunner@3f197a46]" started-at="2024-08-31T23:52:06 IST" name="runScenario" description="Runs Cucumber Scenarios" data-provider="scenarios" finished-at="2024-08-31T23:52:14 IST" duration-ms="7823" status="PASS">
          <params>
            <param index="0">
              <value>
                <![CDATA["Navigating to the Shorts and Trousers page from the home page"]]>
              </value>
            </param>
            <param index="1">
              <value>
                <![CDATA["Accessoires of Apparel and Accessory"]]>
              </value>
            </param>
          </params>
          <reporter-output>
          </reporter-output>
        </test-method> <!-- runScenario -->
        <test-method signature="runScenario(io.cucumber.testng.PickleWrapper,io.cucumber.testng.FeatureWrapper)[pri:0, instance:runner.TestRunner@3f197a46]" started-at="2024-08-31T23:52:14 IST" name="runScenario" description="Runs Cucumber Scenarios" data-provider="scenarios" finished-at="2024-08-31T23:52:42 IST" duration-ms="27307" status="PASS">
          <params>
            <param index="0">
              <value>
                <![CDATA["To validate by entering  all the filter options on Sportswear"]]>
              </value>
            </param>
            <param index="1">
              <value>
                <![CDATA["Accessoires of Apparel and Accessory"]]>
              </value>
            </param>
          </params>
          <reporter-output>
          </reporter-output>
        </test-method> <!-- runScenario -->
        <test-method signature="runScenario(io.cucumber.testng.PickleWrapper,io.cucumber.testng.FeatureWrapper)[pri:0, instance:runner.TestRunner@3f197a46]" started-at="2024-08-31T23:52:42 IST" name="runScenario" description="Runs Cucumber Scenarios" data-provider="scenarios" finished-at="2024-08-31T23:52:54 IST" duration-ms="12390" status="PASS">
          <params>
            <param index="0">
              <value>
                <![CDATA["To validate by comparing the items of Sportwear"]]>
              </value>
            </param>
            <param index="1">
              <value>
                <![CDATA["Accessoires of Apparel and Accessory"]]>
              </value>
            </param>
          </params>
          <reporter-output>
          </reporter-output>
        </test-method> <!-- runScenario -->
        <test-method signature="runScenario(io.cucumber.testng.PickleWrapper,io.cucumber.testng.FeatureWrapper)[pri:0, instance:runner.TestRunner@3f197a46]" started-at="2024-08-31T23:52:54 IST" name="runScenario" description="Runs Cucumber Scenarios" data-provider="scenarios" finished-at="2024-08-31T23:53:04 IST" duration-ms="10495" status="PASS">
          <params>
            <param index="0">
              <value>
                <![CDATA["To validate the Sort By dropdown in the Jackets"]]>
              </value>
            </param>
            <param index="1">
              <value>
                <![CDATA["Accessoires of Apparel and Accessory"]]>
              </value>
            </param>
          </params>
          <reporter-output>
          </reporter-output>
        </test-method> <!-- runScenario -->
        <test-method is-config="true" signature="tearDownClass()[pri:0, instance:runner.TestRunner@3f197a46]" started-at="2024-08-31T23:53:04 IST" name="tearDownClass" finished-at="2024-08-31T23:53:04 IST" duration-ms="3" status="PASS">
          <reporter-output>
          </reporter-output>
        </test-method> <!-- tearDownClass -->
      </class> <!-- runner.TestRunner -->
    </test> <!-- Surefire test -->
  </suite> <!-- Surefire suite -->
</testng-results>
