<?xml version="1.0" encoding="UTF-8"?>
<testng-results ignored="0" total="13" passed="13" failed="0" skipped="0">
  <reporter-output>
  </reporter-output>
  <suite started-at="2024-09-01T20:30:51 IST" name="Default suite" finished-at="2024-09-01T20:32:52 IST" duration-ms="121048">
    <groups>
    </groups>
    <test started-at="2024-09-01T20:30:51 IST" name="Default test" finished-at="2024-09-01T20:32:52 IST" duration-ms="121048">
      <class name="test.FinalTest">
        <test-method is-config="true" signature="extent_report()[pri:0, instance:test.FinalTest@5032714f]" started-at="2024-09-01T20:30:51 IST" name="extent_report" finished-at="2024-09-01T20:30:52 IST" duration-ms="272" status="PASS">
          <reporter-output>
          </reporter-output>
        </test-method> <!-- extent_report -->
        <test-method is-config="true" signature="setup()[pri:0, instance:test.FinalTest@5032714f]" started-at="2024-09-01T20:30:52 IST" name="setup" finished-at="2024-09-01T20:30:57 IST" duration-ms="5731" status="PASS">
          <reporter-output>
          </reporter-output>
        </test-method> <!-- setup -->
        <test-method signature="CompareItems()[pri:0, instance:test.FinalTest@5032714f]" started-at="2024-09-01T20:30:57 IST" name="CompareItems" finished-at="2024-09-01T20:31:03 IST" duration-ms="5168" status="PASS">
          <reporter-output>
          </reporter-output>
        </test-method> <!-- CompareItems -->
        <test-method is-config="true" signature="teardown()[pri:0, instance:test.FinalTest@5032714f]" started-at="2024-09-01T20:31:03 IST" name="teardown" finished-at="2024-09-01T20:31:03 IST" duration-ms="327" status="PASS">
          <reporter-output>
          </reporter-output>
        </test-method> <!-- teardown -->
        <test-method is-config="true" signature="setup()[pri:0, instance:test.FinalTest@5032714f]" started-at="2024-09-01T20:31:03 IST" name="setup" finished-at="2024-09-01T20:31:07 IST" duration-ms="4194" status="PASS">
          <reporter-output>
          </reporter-output>
        </test-method> <!-- setup -->
        <test-method signature="Mens_Search()[pri:0, instance:test.FinalTest@5032714f]" started-at="2024-09-01T20:31:07 IST" name="Mens_Search" finished-at="2024-09-01T20:31:10 IST" duration-ms="2693" status="PASS">
          <reporter-output>
          </reporter-output>
        </test-method> <!-- Mens_Search -->
        <test-method is-config="true" signature="teardown()[pri:0, instance:test.FinalTest@5032714f]" started-at="2024-09-01T20:31:10 IST" name="teardown" finished-at="2024-09-01T20:31:11 IST" duration-ms="702" status="PASS">
          <reporter-output>
          </reporter-output>
        </test-method> <!-- teardown -->
        <test-method is-config="true" signature="setup()[pri:0, instance:test.FinalTest@5032714f]" started-at="2024-09-01T20:31:11 IST" name="setup" finished-at="2024-09-01T20:31:16 IST" duration-ms="5127" status="PASS">
          <reporter-output>
          </reporter-output>
        </test-method> <!-- setup -->
        <test-method signature="Search_Mall()[pri:0, instance:test.FinalTest@5032714f]" started-at="2024-09-01T20:31:16 IST" name="Search_Mall" finished-at="2024-09-01T20:31:20 IST" duration-ms="4473" status="PASS">
          <reporter-output>
          </reporter-output>
        </test-method> <!-- Search_Mall -->
        <test-method is-config="true" signature="teardown()[pri:0, instance:test.FinalTest@5032714f]" started-at="2024-09-01T20:31:20 IST" name="teardown" finished-at="2024-09-01T20:31:21 IST" duration-ms="484" status="PASS">
          <reporter-output>
          </reporter-output>
        </test-method> <!-- teardown -->
        <test-method is-config="true" signature="setup()[pri:0, instance:test.FinalTest@5032714f]" started-at="2024-09-01T20:31:21 IST" name="setup" finished-at="2024-09-01T20:31:25 IST" duration-ms="4240" status="PASS">
          <reporter-output>
          </reporter-output>
        </test-method> <!-- setup -->
        <test-method signature="SortBy()[pri:0, instance:test.FinalTest@5032714f]" started-at="2024-09-01T20:31:25 IST" name="SortBy" finished-at="2024-09-01T20:31:37 IST" duration-ms="12416" status="PASS">
          <reporter-output>
          </reporter-output>
        </test-method> <!-- SortBy -->
        <test-method is-config="true" signature="teardown()[pri:0, instance:test.FinalTest@5032714f]" started-at="2024-09-01T20:31:37 IST" name="teardown" finished-at="2024-09-01T20:31:38 IST" duration-ms="345" status="PASS">
          <reporter-output>
          </reporter-output>
        </test-method> <!-- teardown -->
        <test-method is-config="true" signature="setup()[pri:0, instance:test.FinalTest@5032714f]" started-at="2024-09-01T20:31:38 IST" name="setup" finished-at="2024-09-01T20:31:42 IST" duration-ms="3930" status="PASS">
          <reporter-output>
          </reporter-output>
        </test-method> <!-- setup -->
        <test-method signature="Womens_Dress()[pri:0, instance:test.FinalTest@5032714f]" started-at="2024-09-01T20:31:42 IST" name="Womens_Dress" finished-at="2024-09-01T20:31:46 IST" duration-ms="3983" status="PASS">
          <reporter-output>
          </reporter-output>
        </test-method> <!-- Womens_Dress -->
        <test-method is-config="true" signature="teardown()[pri:0, instance:test.FinalTest@5032714f]" started-at="2024-09-01T20:31:46 IST" name="teardown" finished-at="2024-09-01T20:31:46 IST" duration-ms="245" status="PASS">
          <reporter-output>
          </reporter-output>
        </test-method> <!-- teardown -->
        <test-method is-config="true" signature="setup()[pri:0, instance:test.FinalTest@5032714f]" started-at="2024-09-01T20:31:46 IST" name="setup" finished-at="2024-09-01T20:31:50 IST" duration-ms="4193" status="PASS">
          <reporter-output>
          </reporter-output>
        </test-method> <!-- setup -->
        <test-method signature="Womens_Kurthi()[pri:0, instance:test.FinalTest@5032714f]" started-at="2024-09-01T20:31:50 IST" name="Womens_Kurthi" finished-at="2024-09-01T20:31:53 IST" duration-ms="2513" status="PASS">
          <reporter-output>
          </reporter-output>
        </test-method> <!-- Womens_Kurthi -->
        <test-method is-config="true" signature="teardown()[pri:0, instance:test.FinalTest@5032714f]" started-at="2024-09-01T20:31:53 IST" name="teardown" finished-at="2024-09-01T20:31:53 IST" duration-ms="294" status="PASS">
          <reporter-output>
          </reporter-output>
        </test-method> <!-- teardown -->
        <test-method is-config="true" signature="setup()[pri:0, instance:test.FinalTest@5032714f]" started-at="2024-09-01T20:31:53 IST" name="setup" finished-at="2024-09-01T20:31:57 IST" duration-ms="4367" status="PASS">
          <reporter-output>
          </reporter-output>
        </test-method> <!-- setup -->
        <test-method signature="Womens_NAll()[pri:0, instance:test.FinalTest@5032714f]" started-at="2024-09-01T20:31:57 IST" name="Womens_NAll" finished-at="2024-09-01T20:32:01 IST" duration-ms="3804" status="PASS">
          <reporter-output>
          </reporter-output>
        </test-method> <!-- Womens_NAll -->
        <test-method is-config="true" signature="teardown()[pri:0, instance:test.FinalTest@5032714f]" started-at="2024-09-01T20:32:01 IST" name="teardown" finished-at="2024-09-01T20:32:01 IST" duration-ms="328" status="PASS">
          <reporter-output>
          </reporter-output>
        </test-method> <!-- teardown -->
        <test-method is-config="true" signature="setup()[pri:0, instance:test.FinalTest@5032714f]" started-at="2024-09-01T20:32:01 IST" name="setup" finished-at="2024-09-01T20:32:05 IST" duration-ms="4116" status="PASS">
          <reporter-output>
          </reporter-output>
        </test-method> <!-- setup -->
        <test-method signature="Womens_NPcs()[pri:0, instance:test.FinalTest@5032714f]" started-at="2024-09-01T20:32:05 IST" name="Womens_NPcs" finished-at="2024-09-01T20:32:09 IST" duration-ms="3087" status="PASS">
          <reporter-output>
          </reporter-output>
        </test-method> <!-- Womens_NPcs -->
        <test-method is-config="true" signature="teardown()[pri:0, instance:test.FinalTest@5032714f]" started-at="2024-09-01T20:32:09 IST" name="teardown" finished-at="2024-09-01T20:32:09 IST" duration-ms="265" status="PASS">
          <reporter-output>
          </reporter-output>
        </test-method> <!-- teardown -->
        <test-method is-config="true" signature="setup()[pri:0, instance:test.FinalTest@5032714f]" started-at="2024-09-01T20:32:09 IST" name="setup" finished-at="2024-09-01T20:32:13 IST" duration-ms="4527" status="PASS">
          <reporter-output>
          </reporter-output>
        </test-method> <!-- setup -->
        <test-method signature="Womens_NPrice()[pri:0, instance:test.FinalTest@5032714f]" started-at="2024-09-01T20:32:13 IST" name="Womens_NPrice" finished-at="2024-09-01T20:32:17 IST" duration-ms="3431" status="PASS">
          <reporter-output>
          </reporter-output>
        </test-method> <!-- Womens_NPrice -->
        <test-method is-config="true" signature="teardown()[pri:0, instance:test.FinalTest@5032714f]" started-at="2024-09-01T20:32:17 IST" name="teardown" finished-at="2024-09-01T20:32:17 IST" duration-ms="245" status="PASS">
          <reporter-output>
          </reporter-output>
        </test-method> <!-- teardown -->
        <test-method is-config="true" signature="setup()[pri:0, instance:test.FinalTest@5032714f]" started-at="2024-09-01T20:32:17 IST" name="setup" finished-at="2024-09-01T20:32:21 IST" duration-ms="4134" status="PASS">
          <reporter-output>
          </reporter-output>
        </test-method> <!-- setup -->
        <test-method signature="Womens_NTypes()[pri:0, instance:test.FinalTest@5032714f]" started-at="2024-09-01T20:32:21 IST" name="Womens_NTypes" finished-at="2024-09-01T20:32:24 IST" duration-ms="2953" status="PASS">
          <reporter-output>
          </reporter-output>
        </test-method> <!-- Womens_NTypes -->
        <test-method is-config="true" signature="teardown()[pri:0, instance:test.FinalTest@5032714f]" started-at="2024-09-01T20:32:24 IST" name="teardown" finished-at="2024-09-01T20:32:24 IST" duration-ms="313" status="PASS">
          <reporter-output>
          </reporter-output>
        </test-method> <!-- teardown -->
        <test-method is-config="true" signature="setup()[pri:0, instance:test.FinalTest@5032714f]" started-at="2024-09-01T20:32:24 IST" name="setup" finished-at="2024-09-01T20:32:28 IST" duration-ms="4054" status="PASS">
          <reporter-output>
          </reporter-output>
        </test-method> <!-- setup -->
        <test-method signature="Womens_Nbrand()[pri:0, instance:test.FinalTest@5032714f]" started-at="2024-09-01T20:32:28 IST" name="Womens_Nbrand" finished-at="2024-09-01T20:32:33 IST" duration-ms="4062" status="PASS">
          <reporter-output>
          </reporter-output>
        </test-method> <!-- Womens_Nbrand -->
        <test-method is-config="true" signature="teardown()[pri:0, instance:test.FinalTest@5032714f]" started-at="2024-09-01T20:32:33 IST" name="teardown" finished-at="2024-09-01T20:32:33 IST" duration-ms="318" status="PASS">
          <reporter-output>
          </reporter-output>
        </test-method> <!-- teardown -->
        <test-method is-config="true" signature="setup()[pri:0, instance:test.FinalTest@5032714f]" started-at="2024-09-01T20:32:33 IST" name="setup" finished-at="2024-09-01T20:32:37 IST" duration-ms="4150" status="PASS">
          <reporter-output>
          </reporter-output>
        </test-method> <!-- setup -->
        <test-method signature="Womans_Kurthi()[pri:2, instance:test.FinalTest@5032714f]" started-at="2024-09-01T20:32:37 IST" name="Womans_Kurthi" finished-at="2024-09-01T20:32:43 IST" duration-ms="5829" status="PASS">
          <reporter-output>
          </reporter-output>
        </test-method> <!-- Womans_Kurthi -->
        <test-method is-config="true" signature="teardown()[pri:0, instance:test.FinalTest@5032714f]" started-at="2024-09-01T20:32:43 IST" name="teardown" finished-at="2024-09-01T20:32:43 IST" duration-ms="200" status="PASS">
          <reporter-output>
          </reporter-output>
        </test-method> <!-- teardown -->
        <test-method is-config="true" signature="setup()[pri:0, instance:test.FinalTest@5032714f]" started-at="2024-09-01T20:32:43 IST" name="setup" finished-at="2024-09-01T20:32:47 IST" duration-ms="3520" status="PASS">
          <reporter-output>
          </reporter-output>
        </test-method> <!-- setup -->
        <test-method signature="Womens_ShawlsCEF()[pri:4, instance:test.FinalTest@5032714f]" started-at="2024-09-01T20:32:47 IST" name="Womens_ShawlsCEF" finished-at="2024-09-01T20:32:52 IST" duration-ms="5272" status="PASS">
          <reporter-output>
          </reporter-output>
        </test-method> <!-- Womens_ShawlsCEF -->
        <test-method is-config="true" signature="teardown()[pri:0, instance:test.FinalTest@5032714f]" started-at="2024-09-01T20:32:52 IST" name="teardown" finished-at="2024-09-01T20:32:52 IST" duration-ms="308" status="PASS">
          <reporter-output>
          </reporter-output>
        </test-method> <!-- teardown -->
        <test-method is-config="true" signature="flush()[pri:0, instance:test.FinalTest@5032714f]" started-at="2024-09-01T20:32:52 IST" name="flush" finished-at="2024-09-01T20:32:52 IST" duration-ms="316" status="PASS">
          <reporter-output>
          </reporter-output>
        </test-method> <!-- flush -->
      </class> <!-- test.FinalTest -->
    </test> <!-- Default test -->
  </suite> <!-- Default suite -->
</testng-results>
